
led.elf:     file format elf32-avr

Sections:
Idx Name          Size      VMA       LMA       File off  Algn
  0 .data         00000008  00800100  0000016c  000001e0  2**0
                  CONTENTS, ALLOC, LOAD, DATA
  1 .text         0000016c  00000000  00000000  00000074  2**1
                  CONTENTS, ALLOC, LOAD, READONLY, CODE
  2 .comment      00000023  00000000  00000000  000001e8  2**0
                  CONTENTS, READONLY
  3 .note.gnu.avr.deviceinfo 00000040  00000000  00000000  0000020c  2**2
                  CONTENTS, READONLY, OCTETS
  4 .debug_aranges 00000040  00000000  00000000  00000250  2**3
                  CONTENTS, READONLY, DEBUGGING, OCTETS
  5 .debug_info   0000063c  00000000  00000000  00000290  2**0
                  CONTENTS, READONLY, DEBUGGING, OCTETS
  6 .debug_abbrev 000005ca  00000000  00000000  000008cc  2**0
                  CONTENTS, READONLY, DEBUGGING, OCTETS
  7 .debug_line   000000f5  00000000  00000000  00000e96  2**0
                  CONTENTS, READONLY, DEBUGGING, OCTETS
  8 .debug_str    00000286  00000000  00000000  00000f8b  2**0
                  CONTENTS, READONLY, DEBUGGING, OCTETS
  9 .debug_line_str 00000072  00000000  00000000  00001211  2**0
                  CONTENTS, READONLY, DEBUGGING, OCTETS

Disassembly of section .text:

00000000 <__vectors>:
   0:	0c 94 34 00 	jmp	0x68	; 0x68 <__ctors_end>
   4:	0c 94 49 00 	jmp	0x92	; 0x92 <__bad_interrupt>
   8:	0c 94 49 00 	jmp	0x92	; 0x92 <__bad_interrupt>
   c:	0c 94 49 00 	jmp	0x92	; 0x92 <__bad_interrupt>
  10:	0c 94 49 00 	jmp	0x92	; 0x92 <__bad_interrupt>
  14:	0c 94 49 00 	jmp	0x92	; 0x92 <__bad_interrupt>
  18:	0c 94 49 00 	jmp	0x92	; 0x92 <__bad_interrupt>
  1c:	0c 94 49 00 	jmp	0x92	; 0x92 <__bad_interrupt>
  20:	0c 94 49 00 	jmp	0x92	; 0x92 <__bad_interrupt>
  24:	0c 94 49 00 	jmp	0x92	; 0x92 <__bad_interrupt>
  28:	0c 94 49 00 	jmp	0x92	; 0x92 <__bad_interrupt>
  2c:	0c 94 49 00 	jmp	0x92	; 0x92 <__bad_interrupt>
  30:	0c 94 49 00 	jmp	0x92	; 0x92 <__bad_interrupt>
  34:	0c 94 49 00 	jmp	0x92	; 0x92 <__bad_interrupt>
  38:	0c 94 49 00 	jmp	0x92	; 0x92 <__bad_interrupt>
  3c:	0c 94 49 00 	jmp	0x92	; 0x92 <__bad_interrupt>
  40:	0c 94 49 00 	jmp	0x92	; 0x92 <__bad_interrupt>
  44:	0c 94 49 00 	jmp	0x92	; 0x92 <__bad_interrupt>
  48:	0c 94 49 00 	jmp	0x92	; 0x92 <__bad_interrupt>
  4c:	0c 94 49 00 	jmp	0x92	; 0x92 <__bad_interrupt>
  50:	0c 94 49 00 	jmp	0x92	; 0x92 <__bad_interrupt>
  54:	0c 94 49 00 	jmp	0x92	; 0x92 <__bad_interrupt>
  58:	0c 94 49 00 	jmp	0x92	; 0x92 <__bad_interrupt>
  5c:	0c 94 49 00 	jmp	0x92	; 0x92 <__bad_interrupt>
  60:	0c 94 49 00 	jmp	0x92	; 0x92 <__bad_interrupt>
  64:	0c 94 49 00 	jmp	0x92	; 0x92 <__bad_interrupt>

00000068 <__ctors_end>:
  68:	11 24       	eor	r1, r1
  6a:	1f be       	out	0x3f, r1	; 63
  6c:	cf ef       	ldi	r28, 0xFF	; 255
  6e:	d8 e0       	ldi	r29, 0x08	; 8
  70:	de bf       	out	0x3e, r29	; 62
  72:	cd bf       	out	0x3d, r28	; 61

00000074 <__do_copy_data>:
  74:	11 e0       	ldi	r17, 0x01	; 1

00000076 <.Loc.1>:
  76:	a0 e0       	ldi	r26, 0x00	; 0

00000078 <.Loc.2>:
  78:	b1 e0       	ldi	r27, 0x01	; 1

0000007a <.Loc.3>:
  7a:	ec e6       	ldi	r30, 0x6C	; 108

0000007c <.Loc.4>:
  7c:	f1 e0       	ldi	r31, 0x01	; 1

0000007e <.Loc.5>:
  7e:	02 c0       	rjmp	.+4      	; 0x84 <.L__do_copy_data_start>

00000080 <.L__do_copy_data_loop>:
  80:	05 90       	lpm	r0, Z+

00000082 <.Loc.7>:
  82:	0d 92       	st	X+, r0

00000084 <.L__do_copy_data_start>:
  84:	a8 30       	cpi	r26, 0x08	; 8

00000086 <.Loc.9>:
  86:	b1 07       	cpc	r27, r17

00000088 <.Loc.10>:
  88:	d9 f7       	brne	.-10     	; 0x80 <.L__do_copy_data_loop>

0000008a <L0^A>:
  8a:	0e 94 98 00 	call	0x130	; 0x130 <main>
  8e:	0c 94 b4 00 	jmp	0x168	; 0x168 <_exit>

00000092 <__bad_interrupt>:
  92:	0c 94 00 00 	jmp	0	; 0x0 <__vectors>

00000096 <initUSART>:
  96:	10 92 c5 00 	sts	0x00C5, r1	; 0x8000c5 <__TEXT_REGION_LENGTH__+0x7f80c5>
  9a:	80 e1       	ldi	r24, 0x10	; 16
  9c:	80 93 c4 00 	sts	0x00C4, r24	; 0x8000c4 <__TEXT_REGION_LENGTH__+0x7f80c4>
  a0:	e0 ec       	ldi	r30, 0xC0	; 192
  a2:	f0 e0       	ldi	r31, 0x00	; 0
  a4:	80 81       	ld	r24, Z
  a6:	82 60       	ori	r24, 0x02	; 2
  a8:	80 83       	st	Z, r24
  aa:	88 e1       	ldi	r24, 0x18	; 24
  ac:	80 93 c1 00 	sts	0x00C1, r24	; 0x8000c1 <__TEXT_REGION_LENGTH__+0x7f80c1>
  b0:	86 e0       	ldi	r24, 0x06	; 6
  b2:	80 93 c2 00 	sts	0x00C2, r24	; 0x8000c2 <__TEXT_REGION_LENGTH__+0x7f80c2>
  b6:	08 95       	ret

000000b8 <USART_transmit>:
  b8:	90 91 c0 00 	lds	r25, 0x00C0	; 0x8000c0 <__TEXT_REGION_LENGTH__+0x7f80c0>
  bc:	95 ff       	sbrs	r25, 5
  be:	fc cf       	rjmp	.-8      	; 0xb8 <USART_transmit>
  c0:	80 93 c6 00 	sts	0x00C6, r24	; 0x8000c6 <__TEXT_REGION_LENGTH__+0x7f80c6>
  c4:	08 95       	ret

000000c6 <transmitMessage>:
  c6:	cf 93       	push	r28
  c8:	df 93       	push	r29
  ca:	ec 01       	movw	r28, r24

000000cc <.L7>:
  cc:	89 91       	ld	r24, Y+
  ce:	81 11       	cpse	r24, r1
  d0:	03 c0       	rjmp	.+6      	; 0xd8 <.L8>
  d2:	df 91       	pop	r29
  d4:	cf 91       	pop	r28
  d6:	08 95       	ret

000000d8 <.L8>:
  d8:	0e 94 5c 00 	call	0xb8	; 0xb8 <USART_transmit>
  dc:	f7 cf       	rjmp	.-18     	; 0xcc <.L7>

000000de <ADCread>:
  de:	80 93 7c 00 	sts	0x007C, r24	; 0x80007c <__TEXT_REGION_LENGTH__+0x7f807c>
  e2:	80 91 7c 00 	lds	r24, 0x007C	; 0x80007c <__TEXT_REGION_LENGTH__+0x7f807c>
  e6:	80 64       	ori	r24, 0x40	; 64
  e8:	80 93 7c 00 	sts	0x007C, r24	; 0x80007c <__TEXT_REGION_LENGTH__+0x7f807c>
  ec:	80 91 7c 00 	lds	r24, 0x007C	; 0x80007c <__TEXT_REGION_LENGTH__+0x7f807c>
  f0:	8f 7d       	andi	r24, 0xDF	; 223
  f2:	80 93 7c 00 	sts	0x007C, r24	; 0x80007c <__TEXT_REGION_LENGTH__+0x7f807c>
  f6:	80 91 7a 00 	lds	r24, 0x007A	; 0x80007a <__TEXT_REGION_LENGTH__+0x7f807a>
  fa:	87 60       	ori	r24, 0x07	; 7
  fc:	80 93 7a 00 	sts	0x007A, r24	; 0x80007a <__TEXT_REGION_LENGTH__+0x7f807a>
 100:	80 91 7a 00 	lds	r24, 0x007A	; 0x80007a <__TEXT_REGION_LENGTH__+0x7f807a>
 104:	80 68       	ori	r24, 0x80	; 128
 106:	80 93 7a 00 	sts	0x007A, r24	; 0x80007a <__TEXT_REGION_LENGTH__+0x7f807a>
 10a:	80 91 7a 00 	lds	r24, 0x007A	; 0x80007a <__TEXT_REGION_LENGTH__+0x7f807a>
 10e:	80 64       	ori	r24, 0x40	; 64
 110:	80 93 7a 00 	sts	0x007A, r24	; 0x80007a <__TEXT_REGION_LENGTH__+0x7f807a>

00000114 <.L2>:
 114:	80 91 7a 00 	lds	r24, 0x007A	; 0x80007a <__TEXT_REGION_LENGTH__+0x7f807a>
 118:	86 fd       	sbrc	r24, 6
 11a:	fc cf       	rjmp	.-8      	; 0x114 <.L2>
 11c:	20 91 78 00 	lds	r18, 0x0078	; 0x800078 <__TEXT_REGION_LENGTH__+0x7f8078>
 120:	80 91 79 00 	lds	r24, 0x0079	; 0x800079 <__TEXT_REGION_LENGTH__+0x7f8079>
 124:	90 e0       	ldi	r25, 0x00	; 0
 126:	98 2f       	mov	r25, r24
 128:	88 27       	eor	r24, r24
 12a:	82 0f       	add	r24, r18
 12c:	91 1d       	adc	r25, r1
 12e:	08 95       	ret

00000130 <main>:
 130:	0e 94 4b 00 	call	0x96	; 0x96 <initUSART>
 134:	25 9a       	sbi	0x04, 5	; 4

00000136 <.L2>:
 136:	80 e0       	ldi	r24, 0x00	; 0
 138:	91 e0       	ldi	r25, 0x01	; 1
 13a:	0e 94 63 00 	call	0xc6	; 0xc6 <transmitMessage>
 13e:	2d 9a       	sbi	0x05, 5	; 5
 140:	2f ef       	ldi	r18, 0xFF	; 255
 142:	89 e6       	ldi	r24, 0x69	; 105
 144:	98 e1       	ldi	r25, 0x18	; 24

00000146 <.L1^B1>:
 146:	21 50       	subi	r18, 0x01	; 1
 148:	80 40       	sbci	r24, 0x00	; 0
 14a:	90 40       	sbci	r25, 0x00	; 0
 14c:	e1 f7       	brne	.-8      	; 0x146 <.L1^B1>
 14e:	00 c0       	rjmp	.+0      	; 0x150 <L0^A>

00000150 <L0^A>:
 150:	00 00       	nop
 152:	2d 98       	cbi	0x05, 5	; 5
 154:	2f ef       	ldi	r18, 0xFF	; 255
 156:	89 e6       	ldi	r24, 0x69	; 105
 158:	98 e1       	ldi	r25, 0x18	; 24

0000015a <.L1^B2>:
 15a:	21 50       	subi	r18, 0x01	; 1
 15c:	80 40       	sbci	r24, 0x00	; 0
 15e:	90 40       	sbci	r25, 0x00	; 0
 160:	e1 f7       	brne	.-8      	; 0x15a <.L1^B2>
 162:	00 c0       	rjmp	.+0      	; 0x164 <L0^A>

00000164 <L0^A>:
 164:	00 00       	nop
 166:	e7 cf       	rjmp	.-50     	; 0x136 <.L2>

00000168 <_exit>:
 168:	f8 94       	cli

0000016a <__stop_program>:
 16a:	ff cf       	rjmp	.-2      	; 0x16a <__stop_program>
